# SPDX-FileCopyrightText: 2024 The Khronos Group Inc.
#
# SPDX-License-Identifier: CC-BY-4.0

Input:
0 0 9.69007e-38 9.69894e-38 0 0 9.69061e-38 9.69894e-38 0 0
0 0 0 0 0 0 0 0 0 0
0 9.68996e-38 9.69894e-38 0 0 9.6905e-38 9.69894e-38 0 0 9.69104e-38
0 0 0 0 0 0 0 0 0 0
9.68986e-38 9.69894e-38 0 0 9.69039e-38 9.69894e-38 0 0 9.69093e-38 9.69894e-38
0 0 0 0 0 0 0 0 0 0
9.69894e-38 0 0 9.69029e-38 9.69894e-38 0 0 9.69082e-38 9.69894e-38 0
0 0 0 0 0 0 0 0 0 0
0 0 9.69018e-38 9.69894e-38 0 0 9.69072e-38 9.69894e-38 0 0
0 0 0 0 0 0 0 0 0 0

Output after convolution:
0 -1.93801e-37 -1.93979e-37 1.93801e-37 1.93979e-37 -1.93812e-37 -1.93979e-37 1.93812e-37 1.93979e-37 0
-9.68996e-38 -1.9389e-37 -8.97728e-41 1.9389e-37 8.43918e-41 -1.93895e-37 -8.43918e-41 1.93895e-37 7.90108e-41 0
-1.93799e-37 -1.93979e-37 1.93799e-37 1.93979e-37 -1.9381e-37 -1.93979e-37 1.9381e-37 1.93979e-37 -1.93821e-37 0
-1.93889e-37 -9.0849e-41 1.93889e-37 8.5468e-41 -1.93894e-37 -8.5468e-41 1.93894e-37 8.0087e-41 -1.939e-37 9.69093e-38
-1.93979e-37 1.93797e-37 1.93979e-37 -1.93808e-37 -1.93979e-37 1.93808e-37 1.93979e-37 -1.93819e-37 -1.93979e-37 1.93819e-37
-9.69894e-38 1.93888e-37 8.65442e-41 -1.93893e-37 -8.65442e-41 1.93893e-37 8.11632e-41 -1.93899e-37 -8.11632e-41 1.93899e-37
0 1.93979e-37 -1.93806e-37 -1.93979e-37 1.93806e-37 1.93979e-37 -1.93816e-37 -1.93979e-37 1.93816e-37 1.93979e-37
0 8.76204e-41 -1.93892e-37 -8.76204e-41 1.93892e-37 8.22394e-41 -1.93898e-37 -8.22394e-41 1.93898e-37 9.69894e-38
0 -1.93804e-37 -1.93979e-37 1.93804e-37 1.93979e-37 -1.93814e-37 -1.93979e-37 1.93814e-37 1.93979e-37 0
0 -9.69018e-38 -9.69894e-38 9.69018e-38 9.69894e-38 -9.69072e-38 -9.69894e-38 9.69072e-38 9.69894e-38 0

Coefficients:
1 2 1
0 0 0
-1 -2 -1
